<?xml version="1.0" encoding="UTF-8"?>
<!-- Generated by org.testng.reporters.JUnitReportReporter -->
<testsuite skipped="0" hostname="DiptiDash-PC" name="test.testclassfb" tests="1" failures="0" timestamp="28 Jul 2020 14:42:44 GMT" time="4.077" errors="0">
  <testcase name="facebook" time="4.077" classname="test.testclassfb"/>
</testsuite> <!-- test.testclassfb -->
